<?xml version="1.0" encoding="UTF-8"?>
<testsuite name="StatementPrinterTests" tests="2" skipped="0" failures="0" errors="0" timestamp="2022-10-28T12:06:52" hostname="LAPTOP-JUUC0RPS" time="0.988">
  <properties/>
  <testcase name="exampleStatement()" classname="StatementPrinterTests" time="0.945"/>
  <testcase name="statementWithNewPlayTypes()" classname="StatementPrinterTests" time="0.04"/>
  <system-out><![CDATA[]]></system-out>
  <system-err><![CDATA[]]></system-err>
</testsuite>
